Arguments: 
  /Users/chengkj/.nvm/versions/node/v10.15.3/bin/node /usr/local/Cellar/yarn/1.15.2/libexec/bin/yarn.js

PATH: 
  /Users/chengkj/anaconda3/bin:/Users/chengkj/.nvm/versions/node/v10.15.3/bin:/usr/local/bin:/usr/bin:/bin:/usr/sbin:/sbin:/usr/local/go/bin:/Applications/Wireshark.app/Contents/MacOS:/Users/chengkj/goSpace/go:/Users/chengkj/code/work/goSpace:/Users/chengkj/code/work/portal-v4/service:/Users/chengkj/code/megvii-work:/Users/chengkj/code/self/test/go-practice:/usr/local/go/bin:/usr/local/opt:/usr/local/lib/node_modules/npm/node_modules/.bin:/Users/chengkj/code/self/flutter/flutter/bin:/Users/chengkj/Library/Android/sdk/tools/bin:/Users/chengkj/Library/Android/sdk/platform-tools:/Users/chengkj/Library/Android/sdk/emulator:/Users/chengkj/Library/Android/sdk/build-tools/

Yarn version: 
  1.15.2

Node version: 
  10.15.3

Platform: 
  darwin x64

Trace: 
  Error: http://10.199.0.93:4873/@expo%2fsamples: ETIMEDOUT
      at Timeout._onTimeout (/usr/local/Cellar/yarn/1.15.2/libexec/lib/cli.js:130201:19)
      at ontimeout (timers.js:436:11)
      at tryOnTimeout (timers.js:300:5)
      at listOnTimeout (timers.js:263:5)
      at Timer.processTimers (timers.js:223:10)

npm manifest: 
  {
    "main": "node_modules/expo/AppEntry.js",
    "scripts": {
      "start": "expo start",
      "android": "expo start --android",
      "ios": "expo start --ios",
      "web": "expo start --web",
      "eject": "expo eject",
      "test": "jest --watchAll"
    },
    "jest": {
      "preset": "jest-expo"
    },
    "dependencies": {
      "@expo/samples": "~3.0.3",
      "@expo/vector-icons": "^10.0.3",
      "@react-navigation/web": "^1.0.0-alpha.9",
      "expo": "^34.0.1",
      "expo-asset": "^6.0.0",
      "expo-constants": "6.0.0",
      "expo-font": "~6.0.0",
      "expo-web-browser": "6.0.0",
      "react": "16.8.3",
      "react-dom": "^16.8.6",
      "react-native": "https://github.com/expo/react-native/archive/sdk-34.0.0.tar.gz",
      "react-native-gesture-handler": "~1.3.0",
      "react-native-web": "^0.11.4",
      "react-navigation": "^3.11.0"
    },
    "devDependencies": {
      "babel-preset-expo": "^6.0.0",
      "jest-expo": "^34.0.0"
    },
    "private": true
  }

yarn manifest: 
  No manifest

Lockfile: 
  No lockfile
